# JRE version: Java(TM) SE Runtime Environment (8.0_31-b13) (build 1.8.0_31-b13)
# Java VM: Java HotSpot(TM) 64-Bit Server VM (25.31-b07 mixed mode windows-amd64 compressed oops)
Heap:
 PSYoungGen      total 333824K, used 171915K [0x00000000eab00000, 0x0000000100000000, 0x0000000100000000)
  eden space 318976K, 52% used [0x00000000eab00000,0x00000000f4e3aab0,0x00000000fe280000)
  from space 14848K, 32% used [0x00000000fe280000,0x00000000fe7281a0,0x00000000ff100000)
  to   space 13824K, 0% used [0x00000000ff280000,0x00000000ff280000,0x0000000100000000)
 ParOldGen       total 699392K, used 222422K [0x00000000c0000000, 0x00000000eab00000, 0x00000000eab00000)
  object space 699392K, 31% used [0x00000000c0000000,0x00000000cd935a50,0x00000000eab00000)
 Metaspace       used 231462K, capacity 242640K, committed 262144K, reserved 1273856K
  class space    used 32505K, capacity 34649K, committed 38400K, reserved 1048576K
GC Heap History (10 events):
Event: 61270.803 GC heap before
{Heap before GC invocations=127 (full 4):
 PSYoungGen      total 331776K, used 4627K [0x00000000eab00000, 0x0000000100000000, 0x0000000100000000)
  eden space 315392K, 0% used [0x00000000eab00000,0x00000000eab00000,0x00000000fdf00000)
  from space 16384K, 28% used [0x00000000fdf00000,0x00000000fe384cf8,0x00000000fef00000)
  to   space 15872K, 0% used [0x00000000ff080000,0x00000000ff080000,0x0000000100000000)
 ParOldGen       total 699392K, used 541740K [0x00000000c0000000, 0x00000000eab00000, 0x00000000eab00000)
  object space 699392K, 77% used [0x00000000c0000000,0x00000000e110b058,0x00000000eab00000)
 Metaspace       used 247423K, capacity 262014K, committed 262144K, reserved 1273856K
  class space    used 35603K, capacity 38298K, committed 38400K, reserved 1048576K
Event: 61279.960 GC heap after
Heap after GC invocations=127 (full 4):
 PSYoungGen      total 331776K, used 0K [0x00000000eab00000, 0x0000000100000000, 0x0000000100000000)
  eden space 315392K, 0% used [0x00000000eab00000,0x00000000eab00000,0x00000000fdf00000)
  from space 16384K, 0% used [0x00000000fdf00000,0x00000000fdf00000,0x00000000fef00000)
  to   space 15872K, 0% used [0x00000000ff080000,0x00000000ff080000,0x0000000100000000)
 ParOldGen       total 699392K, used 221449K [0x00000000c0000000, 0x00000000eab00000, 0x00000000eab00000)
  object space 699392K, 31% used [0x00000000c0000000,0x00000000cd842408,0x00000000eab00000)
 Metaspace       used 230329K, capacity 240706K, committed 262144K, reserved 1273856K
  class space    used 32326K, capacity 34315K, committed 38400K, reserved 1048576K
}
Event: 61280.181 GC heap before
{Heap before GC invocations=128 (full 4):
 PSYoungGen      total 331776K, used 315392K [0x00000000eab00000, 0x0000000100000000, 0x0000000100000000)
  eden space 315392K, 100% used [0x00000000eab00000,0x00000000fdf00000,0x00000000fdf00000)
  from space 16384K, 0% used [0x00000000fdf00000,0x00000000fdf00000,0x00000000fef00000)
  to   space 15872K, 0% used [0x00000000ff080000,0x00000000ff080000,0x0000000100000000)
 ParOldGen       total 699392K, used 221449K [0x00000000c0000000, 0x00000000eab00000, 0x00000000eab00000)
  object space 699392K, 31% used [0x00000000c0000000,0x00000000cd842408,0x00000000eab00000)
 Metaspace       used 230550K, capacity 240990K, committed 262144K, reserved 1273856K
  class space    used 32356K, capacity 34357K, committed 38400K, reserved 1048576K
Event: 61280.189 GC heap after
Heap after GC invocations=128 (full 4):
 PSYoungGen      total 333312K, used 2672K [0x00000000eab00000, 0x0000000100000000, 0x0000000100000000)
  eden space 317440K, 0% used [0x00000000eab00000,0x00000000eab00000,0x00000000fe100000)
  from space 15872K, 16% used [0x00000000ff080000,0x00000000ff31c050,0x0000000100000000)
  to   space 15872K, 0% used [0x00000000fe100000,0x00000000fe100000,0x00000000ff080000)
 ParOldGen       total 699392K, used 221449K [0x00000000c0000000, 0x00000000eab00000, 0x00000000eab00000)
  object space 699392K, 31% used [0x00000000c0000000,0x00000000cd842408,0x00000000eab00000)
 Metaspace       used 230550K, capacity 240990K, committed 262144K, reserved 1273856K
  class space    used 32356K, capacity 34357K, committed 38400K, reserved 1048576K
}
Event: 61286.699 GC heap before
{Heap before GC invocations=129 (full 4):
 PSYoungGen      total 333312K, used 320112K [0x00000000eab00000, 0x0000000100000000, 0x0000000100000000)
  eden space 317440K, 100% used [0x00000000eab00000,0x00000000fe100000,0x00000000fe100000)
  from space 15872K, 16% used [0x00000000ff080000,0x00000000ff31c050,0x0000000100000000)
  to   space 15872K, 0% used [0x00000000fe100000,0x00000000fe100000,0x00000000ff080000)
 ParOldGen       total 699392K, used 221449K [0x00000000c0000000, 0x00000000eab00000, 0x00000000eab00000)
  object space 699392K, 31% used [0x00000000c0000000,0x00000000cd842408,0x00000000eab00000)
 Metaspace       used 230773K, capacity 241276K, committed 262144K, reserved 1273856K
  class space    used 32395K, capacity 34410K, committed 38400K, reserved 1048576K
Event: 61286.708 GC heap after
Heap after GC invocations=129 (full 4):
 PSYoungGen      total 333312K, used 1472K [0x00000000eab00000, 0x0000000100000000, 0x0000000100000000)
  eden space 317440K, 0% used [0x00000000eab00000,0x00000000eab00000,0x00000000fe100000)
  from space 15872K, 9% used [0x00000000fe100000,0x00000000fe270050,0x00000000ff080000)
  to   space 15360K, 0% used [0x00000000ff100000,0x00000000ff100000,0x0000000100000000)
 ParOldGen       total 699392K, used 222414K [0x00000000c0000000, 0x00000000eab00000, 0x00000000eab00000)
  object space 699392K, 31% used [0x00000000c0000000,0x00000000cd933a50,0x00000000eab00000)
 Metaspace       used 230773K, capacity 241276K, committed 262144K, reserved 1273856K
  class space    used 32395K, capacity 34410K, committed 38400K, reserved 1048576K
}
Event: 61339.859 GC heap before
{Heap before GC invocations=130 (full 4):
 PSYoungGen      total 333312K, used 318912K [0x00000000eab00000, 0x0000000100000000, 0x0000000100000000)
  eden space 317440K, 100% used [0x00000000eab00000,0x00000000fe100000,0x00000000fe100000)
  from space 15872K, 9% used [0x00000000fe100000,0x00000000fe270050,0x00000000ff080000)
  to   space 15360K, 0% used [0x00000000ff100000,0x00000000ff100000,0x0000000100000000)
 ParOldGen       total 699392K, used 222414K [0x00000000c0000000, 0x00000000eab00000, 0x00000000eab00000)
  object space 699392K, 31% used [0x00000000c0000000,0x00000000cd933a50,0x00000000eab00000)
 Metaspace       used 231223K, capacity 242294K, committed 262144K, reserved 1273856K
  class space    used 32484K, capacity 34586K, committed 38400K, reserved 1048576K
Event: 61339.870 GC heap after
Heap after GC invocations=130 (full 4):
 PSYoungGen      total 334336K, used 4192K [0x00000000eab00000, 0x0000000100000000, 0x0000000100000000)
  eden space 318976K, 0% used [0x00000000eab00000,0x00000000eab00000,0x00000000fe280000)
  from space 15360K, 27% used [0x00000000ff100000,0x00000000ff518170,0x0000000100000000)
  to   space 14848K, 0% used [0x00000000fe280000,0x00000000fe280000,0x00000000ff100000)
 ParOldGen       total 699392K, used 222414K [0x00000000c0000000, 0x00000000eab00000, 0x00000000eab00000)
  object space 699392K, 31% used [0x00000000c0000000,0x00000000cd933a50,0x00000000eab00000)
 Metaspace       used 231223K, capacity 242294K, committed 262144K, reserved 1273856K
  class space    used 32484K, capacity 34586K, committed 38400K, reserved 1048576K
}
Event: 61340.183 GC heap before
{Heap before GC invocations=131 (full 4):
 PSYoungGen      total 334336K, used 323168K [0x00000000eab00000, 0x0000000100000000, 0x0000000100000000)
  eden space 318976K, 100% used [0x00000000eab00000,0x00000000fe280000,0x00000000fe280000)
  from space 15360K, 27% used [0x00000000ff100000,0x00000000ff518170,0x0000000100000000)
  to   space 14848K, 0% used [0x00000000fe280000,0x00000000fe280000,0x00000000ff100000)
 ParOldGen       total 699392K, used 222414K [0x00000000c0000000, 0x00000000eab00000, 0x00000000eab00000)
  object space 699392K, 31% used [0x00000000c0000000,0x00000000cd933a50,0x00000000eab00000)
 Metaspace       used 231223K, capacity 242294K, committed 262144K, reserved 1273856K
  class space    used 32484K, capacity 34586K, committed 38400K, reserved 1048576K
Event: 61340.190 GC heap after
Heap after GC invocations=131 (full 4):
 PSYoungGen      total 333824K, used 4768K [0x00000000eab00000, 0x0000000100000000, 0x0000000100000000)
  eden space 318976K, 0% used [0x00000000eab00000,0x00000000eab00000,0x00000000fe280000)
  from space 14848K, 32% used [0x00000000fe280000,0x00000000fe7281a0,0x00000000ff100000)
  to   space 13824K, 0% used [0x00000000ff280000,0x00000000ff280000,0x0000000100000000)
 ParOldGen       total 699392K, used 222422K [0x00000000c0000000, 0x00000000eab00000, 0x00000000eab00000)
  object space 699392K, 31% used [0x00000000c0000000,0x00000000cd935a50,0x00000000eab00000)
 Metaspace       used 231223K, capacity 242294K, committed 262144K, reserved 1273856K
  class space    used 32484K, capacity 34586K, committed 38400K, reserved 1048576K
}

