# JRE version: Java(TM) SE Runtime Environment (8.0_31-b13) (build 1.8.0_31-b13)
# Java VM: Java HotSpot(TM) 64-Bit Server VM (25.31-b07 mixed mode windows-amd64 compressed oops)
Heap:
 PSYoungGen      total 306176K, used 69019K [0x00000000eab00000, 0x0000000100000000, 0x0000000100000000)
  eden space 265216K, 26% used [0x00000000eab00000,0x00000000eee66f68,0x00000000fae00000)
  from space 40960K, 0% used [0x00000000fae00000,0x00000000fae00000,0x00000000fd600000)
  to   space 38400K, 0% used [0x00000000fda80000,0x00000000fda80000,0x0000000100000000)
 ParOldGen       total 699392K, used 138064K [0x00000000c0000000, 0x00000000eab00000, 0x00000000eab00000)
  object space 699392K, 19% used [0x00000000c0000000,0x00000000c86d40b0,0x00000000eab00000)
 Metaspace       used 174067K, capacity 177674K, committed 182048K, reserved 1204224K
  class space    used 25307K, capacity 26084K, committed 27136K, reserved 1048576K
GC Heap History (10 events):
Event: 15474.185 GC heap before
{Heap before GC invocations=50 (full 2):
 PSYoungGen      total 293888K, used 244192K [0x00000000eab00000, 0x0000000100000000, 0x0000000100000000)
  eden space 241664K, 100% used [0x00000000eab00000,0x00000000f9700000,0x00000000f9700000)
  from space 52224K, 4% used [0x00000000f9700000,0x00000000f9978000,0x00000000fca00000)
  to   space 49152K, 0% used [0x00000000fd000000,0x00000000fd000000,0x0000000100000000)
 ParOldGen       total 699392K, used 268650K [0x00000000c0000000, 0x00000000eab00000, 0x00000000eab00000)
  object space 699392K, 38% used [0x00000000c0000000,0x00000000d065a948,0x00000000eab00000)
 Metaspace       used 175391K, capacity 179650K, committed 179968K, reserved 1202176K
  class space    used 25863K, capacity 26773K, committed 26880K, reserved 1048576K
Event: 15474.201 GC heap after
Heap after GC invocations=50 (full 2):
 PSYoungGen      total 303104K, used 6066K [0x00000000eab00000, 0x0000000100000000, 0x0000000100000000)
  eden space 253952K, 0% used [0x00000000eab00000,0x00000000eab00000,0x00000000fa300000)
  from space 49152K, 12% used [0x00000000fd000000,0x00000000fd5ec970,0x0000000100000000)
  to   space 46080K, 0% used [0x00000000fa300000,0x00000000fa300000,0x00000000fd000000)
 ParOldGen       total 699392K, used 268658K [0x00000000c0000000, 0x00000000eab00000, 0x00000000eab00000)
  object space 699392K, 38% used [0x00000000c0000000,0x00000000d065c948,0x00000000eab00000)
 Metaspace       used 175391K, capacity 179650K, committed 179968K, reserved 1202176K
  class space    used 25863K, capacity 26773K, committed 26880K, reserved 1048576K
}
Event: 15474.782 GC heap before
{Heap before GC invocations=51 (full 2):
 PSYoungGen      total 303104K, used 259956K [0x00000000eab00000, 0x0000000100000000, 0x0000000100000000)
  eden space 253952K, 99% used [0x00000000eab00000,0x00000000fa2f0948,0x00000000fa300000)
  from space 49152K, 12% used [0x00000000fd000000,0x00000000fd5ec970,0x0000000100000000)
  to   space 46080K, 0% used [0x00000000fa300000,0x00000000fa300000,0x00000000fd000000)
 ParOldGen       total 699392K, used 268658K [0x00000000c0000000, 0x00000000eab00000, 0x00000000eab00000)
  object space 699392K, 38% used [0x00000000c0000000,0x00000000d065c948,0x00000000eab00000)
 Metaspace       used 176089K, capacity 180368K, committed 180480K, reserved 1202176K
  class space    used 25942K, capacity 26850K, committed 26880K, reserved 1048576K
Event: 15474.794 GC heap after
Heap after GC invocations=51 (full 2):
 PSYoungGen      total 300032K, used 6245K [0x00000000eab00000, 0x0000000100000000, 0x0000000100000000)
  eden space 253952K, 0% used [0x00000000eab00000,0x00000000eab00000,0x00000000fa300000)
  from space 46080K, 13% used [0x00000000fa300000,0x00000000fa919718,0x00000000fd000000)
  to   space 43008K, 0% used [0x00000000fd600000,0x00000000fd600000,0x0000000100000000)
 ParOldGen       total 699392K, used 270319K [0x00000000c0000000, 0x00000000eab00000, 0x00000000eab00000)
  object space 699392K, 38% used [0x00000000c0000000,0x00000000d07fbe40,0x00000000eab00000)
 Metaspace       used 176089K, capacity 180368K, committed 180480K, reserved 1202176K
  class space    used 25942K, capacity 26850K, committed 26880K, reserved 1048576K
}
Event: 15474.940 GC heap before
{Heap before GC invocations=52 (full 2):
 PSYoungGen      total 300032K, used 260155K [0x00000000eab00000, 0x0000000100000000, 0x0000000100000000)
  eden space 253952K, 99% used [0x00000000eab00000,0x00000000fa2f5750,0x00000000fa300000)
  from space 46080K, 13% used [0x00000000fa300000,0x00000000fa919718,0x00000000fd000000)
  to   space 43008K, 0% used [0x00000000fd600000,0x00000000fd600000,0x0000000100000000)
 ParOldGen       total 699392K, used 270319K [0x00000000c0000000, 0x00000000eab00000, 0x00000000eab00000)
  object space 699392K, 38% used [0x00000000c0000000,0x00000000d07fbe40,0x00000000eab00000)
 Metaspace       used 176306K, capacity 180638K, committed 180736K, reserved 1204224K
  class space    used 25960K, capacity 26863K, committed 26880K, reserved 1048576K
Event: 15474.948 GC heap after
Heap after GC invocations=52 (full 2):
 PSYoungGen      total 308224K, used 1231K [0x00000000eab00000, 0x0000000100000000, 0x0000000100000000)
  eden space 265216K, 0% used [0x00000000eab00000,0x00000000eab00000,0x00000000fae00000)
  from space 43008K, 2% used [0x00000000fd600000,0x00000000fd733cb0,0x0000000100000000)
  to   space 40960K, 0% used [0x00000000fae00000,0x00000000fae00000,0x00000000fd600000)
 ParOldGen       total 699392K, used 275363K [0x00000000c0000000, 0x00000000eab00000, 0x00000000eab00000)
  object space 699392K, 39% used [0x00000000c0000000,0x00000000d0ce8c80,0x00000000eab00000)
 Metaspace       used 176306K, capacity 180638K, committed 180736K, reserved 1204224K
  class space    used 25960K, capacity 26863K, committed 26880K, reserved 1048576K
}
Event: 15485.451 GC heap before
{Heap before GC invocations=53 (full 2):
 PSYoungGen      total 308224K, used 58286K [0x00000000eab00000, 0x0000000100000000, 0x0000000100000000)
  eden space 265216K, 21% used [0x00000000eab00000,0x00000000ee2b7c60,0x00000000fae00000)
  from space 43008K, 2% used [0x00000000fd600000,0x00000000fd733cb0,0x0000000100000000)
  to   space 40960K, 0% used [0x00000000fae00000,0x00000000fae00000,0x00000000fd600000)
 ParOldGen       total 699392K, used 275363K [0x00000000c0000000, 0x00000000eab00000, 0x00000000eab00000)
  object space 699392K, 39% used [0x00000000c0000000,0x00000000d0ce8c80,0x00000000eab00000)
 Metaspace       used 177363K, capacity 181970K, committed 182048K, reserved 1204224K
  class space    used 26095K, capacity 27059K, committed 27136K, reserved 1048576K
Event: 15485.460 GC heap after
Heap after GC invocations=53 (full 2):
 PSYoungGen      total 306176K, used 3616K [0x00000000eab00000, 0x0000000100000000, 0x0000000100000000)
  eden space 265216K, 0% used [0x00000000eab00000,0x00000000eab00000,0x00000000fae00000)
  from space 40960K, 8% used [0x00000000fae00000,0x00000000fb188398,0x00000000fd600000)
  to   space 38400K, 0% used [0x00000000fda80000,0x00000000fda80000,0x0000000100000000)
 ParOldGen       total 699392K, used 275890K [0x00000000c0000000, 0x00000000eab00000, 0x00000000eab00000)
  object space 699392K, 39% used [0x00000000c0000000,0x00000000d0d6c9a0,0x00000000eab00000)
 Metaspace       used 177363K, capacity 181970K, committed 182048K, reserved 1204224K
  class space    used 26095K, capacity 27059K, committed 27136K, reserved 1048576K
}
Event: 15485.460 GC heap before
{Heap before GC invocations=54 (full 3):
 PSYoungGen      total 306176K, used 3616K [0x00000000eab00000, 0x0000000100000000, 0x0000000100000000)
  eden space 265216K, 0% used [0x00000000eab00000,0x00000000eab00000,0x00000000fae00000)
  from space 40960K, 8% used [0x00000000fae00000,0x00000000fb188398,0x00000000fd600000)
  to   space 38400K, 0% used [0x00000000fda80000,0x00000000fda80000,0x0000000100000000)
 ParOldGen       total 699392K, used 275890K [0x00000000c0000000, 0x00000000eab00000, 0x00000000eab00000)
  object space 699392K, 39% used [0x00000000c0000000,0x00000000d0d6c9a0,0x00000000eab00000)
 Metaspace       used 177363K, capacity 181970K, committed 182048K, reserved 1204224K
  class space    used 26095K, capacity 27059K, committed 27136K, reserved 1048576K
Event: 15486.124 GC heap after
Heap after GC invocations=54 (full 3):
 PSYoungGen      total 306176K, used 0K [0x00000000eab00000, 0x0000000100000000, 0x0000000100000000)
  eden space 265216K, 0% used [0x00000000eab00000,0x00000000eab00000,0x00000000fae00000)
  from space 40960K, 0% used [0x00000000fae00000,0x00000000fae00000,0x00000000fd600000)
  to   space 38400K, 0% used [0x00000000fda80000,0x00000000fda80000,0x0000000100000000)
 ParOldGen       total 699392K, used 138064K [0x00000000c0000000, 0x00000000eab00000, 0x00000000eab00000)
  object space 699392K, 19% used [0x00000000c0000000,0x00000000c86d40b0,0x00000000eab00000)
 Metaspace       used 172604K, capacity 176028K, committed 182048K, reserved 1204224K
  class space    used 25168K, capacity 25918K, committed 27136K, reserved 1048576K
}

